[ 2015-01-28T23:30:48+08:00 ] 110.75.105.138 /Admin/Index/login.html
INFO: [ route_check ] --START--
INFO: CheckRoute Behavior ::run [ RunTime:0.000411s ]
INFO: [ route_check ] --END-- [ RunTime:0.000470s ]
INFO: [ app_begin ] --START--
INFO: ReadHtmlCache Behavior ::run [ RunTime:0.000253s ]
INFO: [ app_begin ] --END-- [ RunTime:0.000293s ]
INFO: [ view_parse ] --START--
INFO: ParseTemplate Behavior ::run [ RunTime:0.003594s ]
INFO: [ view_parse ] --END-- [ RunTime:0.003639s ]
INFO: [ view_filter ] --START--
INFO: ContentReplace Behavior ::run [ RunTime:0.000148s ]
INFO: TokenBuild Behavior ::run [ RunTime:0.000169s ]
INFO: WriteHtmlCache Behavior ::run [ RunTime:0.000105s ]
INFO: ShowRuntime Behavior ::run [ RunTime:0.000199s ]
INFO: [ view_filter ] --END-- [ RunTime:0.000735s ]
INFO: [ view_end ] --START--
INFO: ShowPageTrace Behavior ::run [ RunTime:0.000298s ]
INFO: [ view_end ] --END-- [ RunTime:0.000335s ]

[ 2015-01-28T23:30:49+08:00 ] 101.86.203.240 /Admin/Options/developSet.html
INFO: [ route_check ] --START--
INFO: CheckRoute Behavior ::run [ RunTime:0.000391s ]
INFO: [ route_check ] --END-- [ RunTime:0.000451s ]
INFO: [ app_begin ] --START--
INFO: ReadHtmlCache Behavior ::run [ RunTime:0.000241s ]
INFO: [ app_begin ] --END-- [ RunTime:0.000280s ]
NOTIC: [2] Cannot modify header information - headers already sent by (output started at /data/nginx/html/Lib/Action/AdminBaseAction.class.php:45) /data/nginx/html/Lib/Action/BaseAction.class.php 第 8 行.
SQL: SHOW COLUMNS FROM `nb_contact` [ RunTime:0.015326s ]
SQL: SELECT * FROM `nb_contact` WHERE ( `id` = 1 ) LIMIT 1   [ RunTime:0.000849s ]
INFO: [ view_parse ] --START--
INFO: ParseTemplate Behavior ::run [ RunTime:0.004121s ]
INFO: [ view_parse ] --END-- [ RunTime:0.004168s ]
INFO: [ view_filter ] --START--
INFO: ContentReplace Behavior ::run [ RunTime:0.000148s ]
INFO: TokenBuild Behavior ::run [ RunTime:0.000160s ]
INFO: WriteHtmlCache Behavior ::run [ RunTime:0.000095s ]
INFO: ShowRuntime Behavior ::run [ RunTime:0.000194s ]
INFO: [ view_filter ] --END-- [ RunTime:0.000706s ]
NOTIC: [2] Cannot modify header information - headers already sent by (output started at /data/nginx/html/Lib/Action/AdminBaseAction.class.php:45) /data/nginx/html/ThinkPHP/Lib/Core/View.class.php 第 95 行.
NOTIC: [2] Cannot modify header information - headers already sent by (output started at /data/nginx/html/Lib/Action/AdminBaseAction.class.php:45) /data/nginx/html/ThinkPHP/Lib/Core/View.class.php 第 96 行.
NOTIC: [2] Cannot modify header information - headers already sent by (output started at /data/nginx/html/Lib/Action/AdminBaseAction.class.php:45) /data/nginx/html/ThinkPHP/Lib/Core/View.class.php 第 97 行.
INFO: [ view_end ] --START--
INFO: ShowPageTrace Behavior ::run [ RunTime:0.000308s ]
INFO: [ view_end ] --END-- [ RunTime:0.000345s ]

[ 2015-01-28T23:30:51+08:00 ] 101.86.203.240 /Admin/Admin/index.html
INFO: [ route_check ] --START--
INFO: CheckRoute Behavior ::run [ RunTime:0.000426s ]
INFO: [ route_check ] --END-- [ RunTime:0.000487s ]
INFO: [ app_begin ] --START--
INFO: ReadHtmlCache Behavior ::run [ RunTime:0.000246s ]
INFO: [ app_begin ] --END-- [ RunTime:0.000285s ]
NOTIC: [2] Cannot modify header information - headers already sent by (output started at /data/nginx/html/Lib/Action/AdminBaseAction.class.php:45) /data/nginx/html/Lib/Action/BaseAction.class.php 第 8 行.
SQL: SHOW COLUMNS FROM `nb_admin` [ RunTime:0.000662s ]
SQL: SELECT COUNT(*) AS tp_count FROM `nb_admin` LIMIT 1   [ RunTime:0.000150s ]
NOTIC: [2] Division by zero /data/nginx/html/Lib/ORG/Page.class.php 第 51 行.
SQL: SELECT * FROM `nb_admin` ORDER BY id desc LIMIT 0,10   [ RunTime:0.000165s ]
NOTIC: [2] Division by zero /data/nginx/html/Lib/ORG/Page.class.php 第 75 行.
NOTIC: [8] Undefined index: header /data/nginx/html/Lib/ORG/Page.class.php 第 133 行.
INFO: [ view_parse ] --START--
NOTIC: [2] date() expects parameter 2 to be long, string given /data/nginx/html/Runtime/Cache/Admin/a0dcba376b5d7268f6e9f42bb596458a.php 第 55 行.
INFO: ParseTemplate Behavior ::run [ RunTime:0.005925s ]
INFO: [ view_parse ] --END-- [ RunTime:0.005965s ]
INFO: [ view_filter ] --START--
INFO: ContentReplace Behavior ::run [ RunTime:0.000160s ]
INFO: TokenBuild Behavior ::run [ RunTime:0.000167s ]
INFO: WriteHtmlCache Behavior ::run [ RunTime:0.000099s ]
INFO: ShowRuntime Behavior ::run [ RunTime:0.000199s ]
INFO: [ view_filter ] --END-- [ RunTime:0.000751s ]
NOTIC: [2] Cannot modify header information - headers already sent by (output started at /data/nginx/html/Lib/Action/AdminBaseAction.class.php:45) /data/nginx/html/ThinkPHP/Lib/Core/View.class.php 第 95 行.
NOTIC: [2] Cannot modify header information - headers already sent by (output started at /data/nginx/html/Lib/Action/AdminBaseAction.class.php:45) /data/nginx/html/ThinkPHP/Lib/Core/View.class.php 第 96 行.
NOTIC: [2] Cannot modify header information - headers already sent by (output started at /data/nginx/html/Lib/Action/AdminBaseAction.class.php:45) /data/nginx/html/ThinkPHP/Lib/Core/View.class.php 第 97 行.
INFO: [ view_end ] --START--
INFO: ShowPageTrace Behavior ::run [ RunTime:0.000284s ]
INFO: [ view_end ] --END-- [ RunTime:0.000321s ]

[ 2015-01-28T23:30:52+08:00 ] 110.75.105.138 /Admin/Index/login.html
INFO: [ route_check ] --START--
INFO: CheckRoute Behavior ::run [ RunTime:0.000413s ]
INFO: [ route_check ] --END-- [ RunTime:0.000473s ]
INFO: [ app_begin ] --START--
INFO: ReadHtmlCache Behavior ::run [ RunTime:0.000239s ]
INFO: [ app_begin ] --END-- [ RunTime:0.000278s ]
INFO: [ view_parse ] --START--
INFO: ParseTemplate Behavior ::run [ RunTime:0.009824s ]
INFO: [ view_parse ] --END-- [ RunTime:0.009870s ]
INFO: [ view_filter ] --START--
INFO: ContentReplace Behavior ::run [ RunTime:0.000149s ]
INFO: TokenBuild Behavior ::run [ RunTime:0.000165s ]
INFO: WriteHtmlCache Behavior ::run [ RunTime:0.000096s ]
INFO: ShowRuntime Behavior ::run [ RunTime:0.000332s ]
INFO: [ view_filter ] --END-- [ RunTime:0.000905s ]
INFO: [ view_end ] --START--
INFO: ShowPageTrace Behavior ::run [ RunTime:0.000392s ]
INFO: [ view_end ] --END-- [ RunTime:0.000452s ]

[ 2015-01-28T23:30:56+08:00 ] 101.86.203.240 /Admin/Admin/del/id/46
INFO: [ route_check ] --START--
INFO: CheckRoute Behavior ::run [ RunTime:0.000459s ]
INFO: [ route_check ] --END-- [ RunTime:0.000539s ]
INFO: [ app_begin ] --START--
INFO: ReadHtmlCache Behavior ::run [ RunTime:0.000249s ]
INFO: [ app_begin ] --END-- [ RunTime:0.000287s ]
NOTIC: [2] Cannot modify header information - headers already sent by (output started at /data/nginx/html/Lib/Action/AdminBaseAction.class.php:45) /data/nginx/html/Lib/Action/BaseAction.class.php 第 8 行.
SQL: SHOW COLUMNS FROM `nb_admin` [ RunTime:0.000656s ]
SQL: DELETE FROM `nb_admin` WHERE ( `id` = 46 ) [ RunTime:0.000214s ]
NOTIC: [2] Cannot modify header information - headers already sent by (output started at /data/nginx/html/Lib/Action/AdminBaseAction.class.php:45) /data/nginx/html/ThinkPHP/Lib/Core/Action.class.php 第 321 行.

[ 2015-01-28T23:30:57+08:00 ] 101.86.203.240 /Admin/Nav/index.html
INFO: [ route_check ] --START--
INFO: CheckRoute Behavior ::run [ RunTime:0.000414s ]
INFO: [ route_check ] --END-- [ RunTime:0.000475s ]
INFO: [ app_begin ] --START--
INFO: ReadHtmlCache Behavior ::run [ RunTime:0.000241s ]
INFO: [ app_begin ] --END-- [ RunTime:0.000281s ]
NOTIC: [2] Cannot modify header information - headers already sent by (output started at /data/nginx/html/Lib/Action/AdminBaseAction.class.php:45) /data/nginx/html/Lib/Action/BaseAction.class.php 第 8 行.
SQL: SHOW COLUMNS FROM `nb_nav` [ RunTime:0.000576s ]
SQL: SELECT COUNT(*) AS tp_count FROM `nb_nav` LIMIT 1   [ RunTime:0.000055s ]
NOTIC: [2] Division by zero /data/nginx/html/Lib/ORG/Page.class.php 第 51 行.
SQL: SELECT * FROM `nb_nav` LIMIT 0,10   [ RunTime:0.000071s ]
NOTIC: [2] Division by zero /data/nginx/html/Lib/ORG/Page.class.php 第 75 行.
NOTIC: [8] Undefined index: header /data/nginx/html/Lib/ORG/Page.class.php 第 133 行.
INFO: [ view_parse ] --START--
INFO: ParseTemplate Behavior ::run [ RunTime:0.005853s ]
INFO: [ view_parse ] --END-- [ RunTime:0.005896s ]
INFO: [ view_filter ] --START--
INFO: ContentReplace Behavior ::run [ RunTime:0.000156s ]
INFO: TokenBuild Behavior ::run [ RunTime:0.000159s ]
INFO: WriteHtmlCache Behavior ::run [ RunTime:0.000094s ]
INFO: ShowRuntime Behavior ::run [ RunTime:0.000226s ]
INFO: [ view_filter ] --END-- [ RunTime:0.000749s ]
NOTIC: [2] Cannot modify header information - headers already sent by (output started at /data/nginx/html/Lib/Action/AdminBaseAction.class.php:45) /data/nginx/html/ThinkPHP/Lib/Core/View.class.php 第 95 行.
NOTIC: [2] Cannot modify header information - headers already sent by (output started at /data/nginx/html/Lib/Action/AdminBaseAction.class.php:45) /data/nginx/html/ThinkPHP/Lib/Core/View.class.php 第 96 行.
NOTIC: [2] Cannot modify header information - headers already sent by (output started at /data/nginx/html/Lib/Action/AdminBaseAction.class.php:45) /data/nginx/html/ThinkPHP/Lib/Core/View.class.php 第 97 行.
INFO: [ view_end ] --START--
INFO: ShowPageTrace Behavior ::run [ RunTime:0.000333s ]
INFO: [ view_end ] --END-- [ RunTime:0.000373s ]

[ 2015-01-28T23:30:58+08:00 ] 101.86.203.240 /Admin/Model/index.html
INFO: [ route_check ] --START--
INFO: CheckRoute Behavior ::run [ RunTime:0.000393s ]
INFO: [ route_check ] --END-- [ RunTime:0.000456s ]
INFO: [ app_begin ] --START--
INFO: ReadHtmlCache Behavior ::run [ RunTime:0.000286s ]
INFO: [ app_begin ] --END-- [ RunTime:0.000327s ]
NOTIC: [2] Cannot modify header information - headers already sent by (output started at /data/nginx/html/Lib/Action/AdminBaseAction.class.php:45) /data/nginx/html/Lib/Action/BaseAction.class.php 第 8 行.
SQL: SHOW COLUMNS FROM `nb_model` [ RunTime:0.000666s ]
NOTIC: [8] Undefined variable: map /data/nginx/html/Lib/Action/Admin/ModelAction.class.php 第 10 行.
SQL: SELECT COUNT(*) AS tp_count FROM `nb_model` LIMIT 1   [ RunTime:0.000057s ]
NOTIC: [2] Division by zero /data/nginx/html/Lib/ORG/Page.class.php 第 51 行.
NOTIC: [8] Undefined variable: map /data/nginx/html/Lib/Action/Admin/ModelAction.class.php 第 12 行.
SQL: SELECT * FROM `nb_model` ORDER BY id desc LIMIT 0,20   [ RunTime:0.000090s ]
NOTIC: [2] Division by zero /data/nginx/html/Lib/ORG/Page.class.php 第 75 行.
NOTIC: [8] Undefined index: header /data/nginx/html/Lib/ORG/Page.class.php 第 133 行.
INFO: [ view_parse ] --START--
INFO: ParseTemplate Behavior ::run [ RunTime:0.005922s ]
INFO: [ view_parse ] --END-- [ RunTime:0.005990s ]
INFO: [ view_filter ] --START--
INFO: ContentReplace Behavior ::run [ RunTime:0.000236s ]
INFO: TokenBuild Behavior ::run [ RunTime:0.000173s ]
INFO: WriteHtmlCache Behavior ::run [ RunTime:0.000100s ]
INFO: ShowRuntime Behavior ::run [ RunTime:0.000201s ]
INFO: [ view_filter ] --END-- [ RunTime:0.000828s ]
NOTIC: [2] Cannot modify header information - headers already sent by (output started at /data/nginx/html/Lib/Action/AdminBaseAction.class.php:45) /data/nginx/html/ThinkPHP/Lib/Core/View.class.php 第 95 行.
NOTIC: [2] Cannot modify header information - headers already sent by (output started at /data/nginx/html/Lib/Action/AdminBaseAction.class.php:45) /data/nginx/html/ThinkPHP/Lib/Core/View.class.php 第 96 行.
NOTIC: [2] Cannot modify header information - headers already sent by (output started at /data/nginx/html/Lib/Action/AdminBaseAction.class.php:45) /data/nginx/html/ThinkPHP/Lib/Core/View.class.php 第 97 行.
INFO: [ view_end ] --START--
INFO: ShowPageTrace Behavior ::run [ RunTime:0.000408s ]
INFO: [ view_end ] --END-- [ RunTime:0.000461s ]

[ 2015-01-28T23:30:59+08:00 ] 101.86.203.240 /Admin/News/index.html
INFO: [ route_check ] --START--
INFO: CheckRoute Behavior ::run [ RunTime:0.000387s ]
INFO: [ route_check ] --END-- [ RunTime:0.000468s ]
INFO: [ app_begin ] --START--
INFO: ReadHtmlCache Behavior ::run [ RunTime:0.000246s ]
INFO: [ app_begin ] --END-- [ RunTime:0.000286s ]
NOTIC: [2] Cannot modify header information - headers already sent by (output started at /data/nginx/html/Lib/Action/AdminBaseAction.class.php:45) /data/nginx/html/Lib/Action/BaseAction.class.php 第 8 行.
SQL: SHOW COLUMNS FROM `nb_news` [ RunTime:0.000696s ]
NOTIC: [8] Undefined variable: map /data/nginx/html/Lib/Action/Admin/NewsAction.class.php 第 12 行.
SQL: SELECT COUNT(*) AS tp_count FROM `nb_news` LIMIT 1   [ RunTime:0.000056s ]
NOTIC: [2] Division by zero /data/nginx/html/Lib/ORG/Page.class.php 第 51 行.
NOTIC: [8] Undefined variable: map /data/nginx/html/Lib/Action/Admin/NewsAction.class.php 第 15 行.
SQL: SELECT `id`,nb_news.title,nb_class.title as class,`content`,nb_news.create_time,`user`,`top`,`hit` FROM `nb_news` LEFT JOIN nb_class ON nb_news.classid=nb_class.classid ORDER BY id desc LIMIT 0,20   [ RunTime:0.000103s ]
NOTIC: [2] Division by zero /data/nginx/html/Lib/ORG/Page.class.php 第 75 行.
NOTIC: [8] Undefined index: header /data/nginx/html/Lib/ORG/Page.class.php 第 133 行.
INFO: [ view_parse ] --START--
INFO: ParseTemplate Behavior ::run [ RunTime:0.006249s ]
INFO: [ view_parse ] --END-- [ RunTime:0.006295s ]
INFO: [ view_filter ] --START--
INFO: ContentReplace Behavior ::run [ RunTime:0.000180s ]
INFO: TokenBuild Behavior ::run [ RunTime:0.000180s ]
INFO: WriteHtmlCache Behavior ::run [ RunTime:0.000095s ]
INFO: ShowRuntime Behavior ::run [ RunTime:0.000203s ]
INFO: [ view_filter ] --END-- [ RunTime:0.000769s ]
NOTIC: [2] Cannot modify header information - headers already sent by (output started at /data/nginx/html/Lib/Action/AdminBaseAction.class.php:45) /data/nginx/html/ThinkPHP/Lib/Core/View.class.php 第 95 行.
NOTIC: [2] Cannot modify header information - headers already sent by (output started at /data/nginx/html/Lib/Action/AdminBaseAction.class.php:45) /data/nginx/html/ThinkPHP/Lib/Core/View.class.php 第 96 行.
NOTIC: [2] Cannot modify header information - headers already sent by (output started at /data/nginx/html/Lib/Action/AdminBaseAction.class.php:45) /data/nginx/html/ThinkPHP/Lib/Core/View.class.php 第 97 行.
INFO: [ view_end ] --START--
INFO: ShowPageTrace Behavior ::run [ RunTime:0.000310s ]
INFO: [ view_end ] --END-- [ RunTime:0.000349s ]

[ 2015-01-28T23:31:03+08:00 ] 101.86.203.240 /Admin/girl/index.html
INFO: [ route_check ] --START--
INFO: CheckRoute Behavior ::run [ RunTime:0.000393s ]
INFO: [ route_check ] --END-- [ RunTime:0.000453s ]
INFO: [ app_begin ] --START--
INFO: ReadHtmlCache Behavior ::run [ RunTime:0.000245s ]
INFO: [ app_begin ] --END-- [ RunTime:0.000287s ]
NOTIC: [2] Cannot modify header information - headers already sent by (output started at /data/nginx/html/Lib/Action/AdminBaseAction.class.php:45) /data/nginx/html/Lib/Action/BaseAction.class.php 第 8 行.
SQL: SHOW COLUMNS FROM `nb_girl` [ RunTime:0.000688s ]
NOTIC: [8] Undefined variable: map /data/nginx/html/Lib/Action/Admin/girlAction.class.php 第 10 行.
SQL: SELECT COUNT(*) AS tp_count FROM `nb_girl` LIMIT 1   [ RunTime:0.000056s ]
NOTIC: [2] Division by zero /data/nginx/html/Lib/ORG/Page.class.php 第 51 行.
NOTIC: [8] Undefined variable: map /data/nginx/html/Lib/Action/Admin/girlAction.class.php 第 12 行.
SQL: SELECT * FROM `nb_girl` ORDER BY id desc LIMIT 0,20   [ RunTime:0.000083s ]
NOTIC: [2] Division by zero /data/nginx/html/Lib/ORG/Page.class.php 第 75 行.
NOTIC: [8] Undefined index: header /data/nginx/html/Lib/ORG/Page.class.php 第 133 行.
INFO: [ view_parse ] --START--
INFO: ParseTemplate Behavior ::run [ RunTime:0.006142s ]
INFO: [ view_parse ] --END-- [ RunTime:0.006186s ]
INFO: [ view_filter ] --START--
INFO: ContentReplace Behavior ::run [ RunTime:0.000170s ]
INFO: TokenBuild Behavior ::run [ RunTime:0.000167s ]
INFO: WriteHtmlCache Behavior ::run [ RunTime:0.000096s ]
INFO: ShowRuntime Behavior ::run [ RunTime:0.000206s ]
INFO: [ view_filter ] --END-- [ RunTime:0.000782s ]
NOTIC: [2] Cannot modify header information - headers already sent by (output started at /data/nginx/html/Lib/Action/AdminBaseAction.class.php:45) /data/nginx/html/ThinkPHP/Lib/Core/View.class.php 第 95 行.
NOTIC: [2] Cannot modify header information - headers already sent by (output started at /data/nginx/html/Lib/Action/AdminBaseAction.class.php:45) /data/nginx/html/ThinkPHP/Lib/Core/View.class.php 第 96 行.
NOTIC: [2] Cannot modify header information - headers already sent by (output started at /data/nginx/html/Lib/Action/AdminBaseAction.class.php:45) /data/nginx/html/ThinkPHP/Lib/Core/View.class.php 第 97 行.
INFO: [ view_end ] --START--
INFO: ShowPageTrace Behavior ::run [ RunTime:0.000293s ]
INFO: [ view_end ] --END-- [ RunTime:0.000335s ]

[ 2015-01-28T23:31:06+08:00 ] 101.86.203.240 /Admin/girl/edit/id/282.html
INFO: [ route_check ] --START--
INFO: CheckRoute Behavior ::run [ RunTime:0.000655s ]
INFO: [ route_check ] --END-- [ RunTime:0.000729s ]
INFO: [ app_begin ] --START--
INFO: ReadHtmlCache Behavior ::run [ RunTime:0.000253s ]
INFO: [ app_begin ] --END-- [ RunTime:0.000298s ]
NOTIC: [2] Cannot modify header information - headers already sent by (output started at /data/nginx/html/Lib/Action/AdminBaseAction.class.php:45) /data/nginx/html/Lib/Action/BaseAction.class.php 第 8 行.
SQL: SHOW COLUMNS FROM `nb_girl` [ RunTime:0.000644s ]
SQL: SELECT * FROM `nb_girl` WHERE ( `id` = 282 ) LIMIT 1   [ RunTime:0.000231s ]
INFO: [ view_parse ] --START--
INFO: ParseTemplate Behavior ::run [ RunTime:0.004921s ]
INFO: [ view_parse ] --END-- [ RunTime:0.004978s ]
INFO: [ view_filter ] --START--
INFO: ContentReplace Behavior ::run [ RunTime:0.000156s ]
INFO: TokenBuild Behavior ::run [ RunTime:0.000158s ]
INFO: WriteHtmlCache Behavior ::run [ RunTime:0.000111s ]
INFO: ShowRuntime Behavior ::run [ RunTime:0.000204s ]
INFO: [ view_filter ] --END-- [ RunTime:0.000749s ]
NOTIC: [2] Cannot modify header information - headers already sent by (output started at /data/nginx/html/Lib/Action/AdminBaseAction.class.php:45) /data/nginx/html/ThinkPHP/Lib/Core/View.class.php 第 95 行.
NOTIC: [2] Cannot modify header information - headers already sent by (output started at /data/nginx/html/Lib/Action/AdminBaseAction.class.php:45) /data/nginx/html/ThinkPHP/Lib/Core/View.class.php 第 96 行.
NOTIC: [2] Cannot modify header information - headers already sent by (output started at /data/nginx/html/Lib/Action/AdminBaseAction.class.php:45) /data/nginx/html/ThinkPHP/Lib/Core/View.class.php 第 97 行.
INFO: [ view_end ] --START--
INFO: ShowPageTrace Behavior ::run [ RunTime:0.000319s ]
INFO: [ view_end ] --END-- [ RunTime:0.000379s ]

[ 2015-01-28T23:31:08+08:00 ] 101.86.203.240 /Admin/girl/index.html
INFO: [ route_check ] --START--
INFO: CheckRoute Behavior ::run [ RunTime:0.000452s ]
INFO: [ route_check ] --END-- [ RunTime:0.000549s ]
INFO: [ app_begin ] --START--
INFO: ReadHtmlCache Behavior ::run [ RunTime:0.000247s ]
INFO: [ app_begin ] --END-- [ RunTime:0.000309s ]
NOTIC: [2] Cannot modify header information - headers already sent by (output started at /data/nginx/html/Lib/Action/AdminBaseAction.class.php:45) /data/nginx/html/Lib/Action/BaseAction.class.php 第 8 行.
SQL: SHOW COLUMNS FROM `nb_girl` [ RunTime:0.000630s ]
NOTIC: [8] Undefined variable: map /data/nginx/html/Lib/Action/Admin/girlAction.class.php 第 10 行.
SQL: SELECT COUNT(*) AS tp_count FROM `nb_girl` LIMIT 1   [ RunTime:0.000056s ]
NOTIC: [2] Division by zero /data/nginx/html/Lib/ORG/Page.class.php 第 51 行.
NOTIC: [8] Undefined variable: map /data/nginx/html/Lib/Action/Admin/girlAction.class.php 第 12 行.
SQL: SELECT * FROM `nb_girl` ORDER BY id desc LIMIT 0,20   [ RunTime:0.000066s ]
NOTIC: [2] Division by zero /data/nginx/html/Lib/ORG/Page.class.php 第 75 行.
NOTIC: [8] Undefined index: header /data/nginx/html/Lib/ORG/Page.class.php 第 133 行.
INFO: [ view_parse ] --START--
INFO: ParseTemplate Behavior ::run [ RunTime:0.006350s ]
INFO: [ view_parse ] --END-- [ RunTime:0.006395s ]
INFO: [ view_filter ] --START--
INFO: ContentReplace Behavior ::run [ RunTime:0.000192s ]
INFO: TokenBuild Behavior ::run [ RunTime:0.000162s ]
INFO: WriteHtmlCache Behavior ::run [ RunTime:0.000097s ]
INFO: ShowRuntime Behavior ::run [ RunTime:0.000222s ]
INFO: [ view_filter ] --END-- [ RunTime:0.000785s ]
NOTIC: [2] Cannot modify header information - headers already sent by (output started at /data/nginx/html/Lib/Action/AdminBaseAction.class.php:45) /data/nginx/html/ThinkPHP/Lib/Core/View.class.php 第 95 行.
NOTIC: [2] Cannot modify header information - headers already sent by (output started at /data/nginx/html/Lib/Action/AdminBaseAction.class.php:45) /data/nginx/html/ThinkPHP/Lib/Core/View.class.php 第 96 行.
NOTIC: [2] Cannot modify header information - headers already sent by (output started at /data/nginx/html/Lib/Action/AdminBaseAction.class.php:45) /data/nginx/html/ThinkPHP/Lib/Core/View.class.php 第 97 行.
INFO: [ view_end ] --START--
INFO: ShowPageTrace Behavior ::run [ RunTime:0.000303s ]
INFO: [ view_end ] --END-- [ RunTime:0.000345s ]

[ 2015-01-28T23:31:09+08:00 ] 101.86.203.240 /Admin/Label/index.html
INFO: [ route_check ] --START--
INFO: CheckRoute Behavior ::run [ RunTime:0.000428s ]
INFO: [ route_check ] --END-- [ RunTime:0.000489s ]
INFO: [ app_begin ] --START--
INFO: ReadHtmlCache Behavior ::run [ RunTime:0.000246s ]
INFO: [ app_begin ] --END-- [ RunTime:0.000313s ]
NOTIC: [2] Cannot modify header information - headers already sent by (output started at /data/nginx/html/Lib/Action/AdminBaseAction.class.php:45) /data/nginx/html/Lib/Action/BaseAction.class.php 第 8 行.
SQL: SHOW COLUMNS FROM `nb_label` [ RunTime:0.000559s ]
SQL: SELECT COUNT(*) AS tp_count FROM `nb_label` LIMIT 1   [ RunTime:0.000056s ]
NOTIC: [2] Division by zero /data/nginx/html/Lib/ORG/Page.class.php 第 51 行.
SQL: SELECT `id`,`title`,`label_name`,`create_time`,`user` FROM `nb_label` WHERE ( `language` = 'cn' ) LIMIT 0,10   [ RunTime:0.000054s ]
NOTIC: [2] Division by zero /data/nginx/html/Lib/ORG/Page.class.php 第 75 行.
NOTIC: [8] Undefined index: header /data/nginx/html/Lib/ORG/Page.class.php 第 133 行.
INFO: [ view_parse ] --START--
NOTIC: [8] Undefined index: adddate /data/nginx/html/Runtime/Cache/Admin/1fc2e07ec41afa02a1a08f2310ba31e8.php 第 41 行.
NOTIC: [8] Undefined index: adddate /data/nginx/html/Runtime/Cache/Admin/1fc2e07ec41afa02a1a08f2310ba31e8.php 第 41 行.
NOTIC: [8] Undefined index: adddate /data/nginx/html/Runtime/Cache/Admin/1fc2e07ec41afa02a1a08f2310ba31e8.php 第 41 行.
NOTIC: [8] Undefined index: adddate /data/nginx/html/Runtime/Cache/Admin/1fc2e07ec41afa02a1a08f2310ba31e8.php 第 41 行.
NOTIC: [8] Undefined index: adddate /data/nginx/html/Runtime/Cache/Admin/1fc2e07ec41afa02a1a08f2310ba31e8.php 第 41 行.
INFO: ParseTemplate Behavior ::run [ RunTime:0.005545s ]
INFO: [ view_parse ] --END-- [ RunTime:0.005601s ]
INFO: [ view_filter ] --START--
INFO: ContentReplace Behavior ::run [ RunTime:0.000183s ]
INFO: TokenBuild Behavior ::run [ RunTime:0.000164s ]
INFO: WriteHtmlCache Behavior ::run [ RunTime:0.000098s ]
INFO: ShowRuntime Behavior ::run [ RunTime:0.000283s ]
INFO: [ view_filter ] --END-- [ RunTime:0.000876s ]
NOTIC: [2] Cannot modify header information - headers already sent by (output started at /data/nginx/html/Lib/Action/AdminBaseAction.class.php:45) /data/nginx/html/ThinkPHP/Lib/Core/View.class.php 第 95 行.
NOTIC: [2] Cannot modify header information - headers already sent by (output started at /data/nginx/html/Lib/Action/AdminBaseAction.class.php:45) /data/nginx/html/ThinkPHP/Lib/Core/View.class.php 第 96 行.
NOTIC: [2] Cannot modify header information - headers already sent by (output started at /data/nginx/html/Lib/Action/AdminBaseAction.class.php:45) /data/nginx/html/ThinkPHP/Lib/Core/View.class.php 第 97 行.
INFO: [ view_end ] --START--
INFO: ShowPageTrace Behavior ::run [ RunTime:0.000361s ]
INFO: [ view_end ] --END-- [ RunTime:0.000405s ]

[ 2015-01-28T23:31:11+08:00 ] 101.86.203.240 /Admin/Links/index.html
INFO: [ route_check ] --START--
INFO: CheckRoute Behavior ::run [ RunTime:0.000393s ]
INFO: [ route_check ] --END-- [ RunTime:0.000453s ]
INFO: [ app_begin ] --START--
INFO: ReadHtmlCache Behavior ::run [ RunTime:0.000240s ]
INFO: [ app_begin ] --END-- [ RunTime:0.000280s ]
NOTIC: [2] Cannot modify header information - headers already sent by (output started at /data/nginx/html/Lib/Action/AdminBaseAction.class.php:45) /data/nginx/html/Lib/Action/BaseAction.class.php 第 8 行.
SQL: SHOW COLUMNS FROM `nb_links` [ RunTime:0.003466s ]
SQL: SELECT COUNT(*) AS tp_count FROM `nb_links` LIMIT 1   [ RunTime:0.000131s ]
NOTIC: [2] Division by zero /data/nginx/html/Lib/ORG/Page.class.php 第 51 行.
SQL: SELECT * FROM `nb_links` ORDER BY id LIMIT 0,10   [ RunTime:0.000797s ]
NOTIC: [2] Division by zero /data/nginx/html/Lib/ORG/Page.class.php 第 75 行.
NOTIC: [8] Undefined index: header /data/nginx/html/Lib/ORG/Page.class.php 第 133 行.
INFO: [ view_parse ] --START--
INFO: ParseTemplate Behavior ::run [ RunTime:0.005013s ]
INFO: [ view_parse ] --END-- [ RunTime:0.005054s ]
INFO: [ view_filter ] --START--
INFO: ContentReplace Behavior ::run [ RunTime:0.000152s ]
INFO: TokenBuild Behavior ::run [ RunTime:0.000159s ]
INFO: WriteHtmlCache Behavior ::run [ RunTime:0.000101s ]
INFO: ShowRuntime Behavior ::run [ RunTime:0.000194s ]
INFO: [ view_filter ] --END-- [ RunTime:0.000715s ]
NOTIC: [2] Cannot modify header information - headers already sent by (output started at /data/nginx/html/Lib/Action/AdminBaseAction.class.php:45) /data/nginx/html/ThinkPHP/Lib/Core/View.class.php 第 95 行.
NOTIC: [2] Cannot modify header information - headers already sent by (output started at /data/nginx/html/Lib/Action/AdminBaseAction.class.php:45) /data/nginx/html/ThinkPHP/Lib/Core/View.class.php 第 96 行.
NOTIC: [2] Cannot modify header information - headers already sent by (output started at /data/nginx/html/Lib/Action/AdminBaseAction.class.php:45) /data/nginx/html/ThinkPHP/Lib/Core/View.class.php 第 97 行.
INFO: [ view_end ] --START--
INFO: ShowPageTrace Behavior ::run [ RunTime:0.000305s ]
INFO: [ view_end ] --END-- [ RunTime:0.000341s ]

[ 2015-01-28T23:31:13+08:00 ] 101.86.203.240 //Admin/Links/del/id/3
INFO: [ route_check ] --START--
INFO: CheckRoute Behavior ::run [ RunTime:0.000390s ]
INFO: [ route_check ] --END-- [ RunTime:0.000451s ]
INFO: [ app_begin ] --START--
INFO: ReadHtmlCache Behavior ::run [ RunTime:0.000239s ]
INFO: [ app_begin ] --END-- [ RunTime:0.000276s ]
NOTIC: [2] Cannot modify header information - headers already sent by (output started at /data/nginx/html/Lib/Action/AdminBaseAction.class.php:45) /data/nginx/html/Lib/Action/BaseAction.class.php 第 8 行.
SQL: SHOW COLUMNS FROM `nb_links` [ RunTime:0.000528s ]
SQL: DELETE FROM `nb_links` WHERE ( `id` = 3 ) [ RunTime:0.000238s ]
NOTIC: [2] Cannot modify header information - headers already sent by (output started at /data/nginx/html/Lib/Action/AdminBaseAction.class.php:45) /data/nginx/html/ThinkPHP/Lib/Core/Action.class.php 第 321 行.

[ 2015-01-28T23:31:15+08:00 ] 101.86.203.240 //Admin/Links/del/id/2
INFO: [ route_check ] --START--
INFO: CheckRoute Behavior ::run [ RunTime:0.000476s ]
INFO: [ route_check ] --END-- [ RunTime:0.000544s ]
INFO: [ app_begin ] --START--
INFO: ReadHtmlCache Behavior ::run [ RunTime:0.000248s ]
INFO: [ app_begin ] --END-- [ RunTime:0.000289s ]
NOTIC: [2] Cannot modify header information - headers already sent by (output started at /data/nginx/html/Lib/Action/AdminBaseAction.class.php:45) /data/nginx/html/Lib/Action/BaseAction.class.php 第 8 行.
SQL: SHOW COLUMNS FROM `nb_links` [ RunTime:0.000562s ]
SQL: DELETE FROM `nb_links` WHERE ( `id` = 2 ) [ RunTime:0.000213s ]
NOTIC: [2] Cannot modify header information - headers already sent by (output started at /data/nginx/html/Lib/Action/AdminBaseAction.class.php:45) /data/nginx/html/ThinkPHP/Lib/Core/Action.class.php 第 321 行.

[ 2015-01-28T23:31:16+08:00 ] 101.86.203.240 /Admin/Links/index.html
INFO: [ route_check ] --START--
INFO: CheckRoute Behavior ::run [ RunTime:0.000392s ]
INFO: [ route_check ] --END-- [ RunTime:0.000451s ]
INFO: [ app_begin ] --START--
INFO: ReadHtmlCache Behavior ::run [ RunTime:0.000240s ]
INFO: [ app_begin ] --END-- [ RunTime:0.000280s ]
NOTIC: [2] Cannot modify header information - headers already sent by (output started at /data/nginx/html/Lib/Action/AdminBaseAction.class.php:45) /data/nginx/html/Lib/Action/BaseAction.class.php 第 8 行.
SQL: SHOW COLUMNS FROM `nb_links` [ RunTime:0.000546s ]
SQL: SELECT COUNT(*) AS tp_count FROM `nb_links` LIMIT 1   [ RunTime:0.000130s ]
NOTIC: [2] Division by zero /data/nginx/html/Lib/ORG/Page.class.php 第 51 行.
SQL: SELECT * FROM `nb_links` ORDER BY id LIMIT 0,10   [ RunTime:0.000127s ]
INFO: [ view_parse ] --START--
INFO: ParseTemplate Behavior ::run [ RunTime:0.005109s ]
INFO: [ view_parse ] --END-- [ RunTime:0.005155s ]
INFO: [ view_filter ] --START--
INFO: ContentReplace Behavior ::run [ RunTime:0.000145s ]
INFO: TokenBuild Behavior ::run [ RunTime:0.000159s ]
INFO: WriteHtmlCache Behavior ::run [ RunTime:0.000094s ]
INFO: ShowRuntime Behavior ::run [ RunTime:0.000222s ]
INFO: [ view_filter ] --END-- [ RunTime:0.000733s ]
NOTIC: [2] Cannot modify header information - headers already sent by (output started at /data/nginx/html/Lib/Action/AdminBaseAction.class.php:45) /data/nginx/html/ThinkPHP/Lib/Core/View.class.php 第 95 行.
NOTIC: [2] Cannot modify header information - headers already sent by (output started at /data/nginx/html/Lib/Action/AdminBaseAction.class.php:45) /data/nginx/html/ThinkPHP/Lib/Core/View.class.php 第 96 行.
NOTIC: [2] Cannot modify header information - headers already sent by (output started at /data/nginx/html/Lib/Action/AdminBaseAction.class.php:45) /data/nginx/html/ThinkPHP/Lib/Core/View.class.php 第 97 行.
INFO: [ view_end ] --START--
INFO: ShowPageTrace Behavior ::run [ RunTime:0.000314s ]
INFO: [ view_end ] --END-- [ RunTime:0.000355s ]

[ 2015-01-28T23:31:44+08:00 ] 180.153.206.33 /Admin/Links/index.html
INFO: [ route_check ] --START--
INFO: CheckRoute Behavior ::run [ RunTime:0.000389s ]
INFO: [ route_check ] --END-- [ RunTime:0.000450s ]
INFO: [ app_begin ] --START--
INFO: ReadHtmlCache Behavior ::run [ RunTime:0.000260s ]
INFO: [ app_begin ] --END-- [ RunTime:0.000301s ]
NOTIC: [2] Cannot modify header information - headers already sent by (output started at /data/nginx/html/Lib/Action/AdminBaseAction.class.php:45) /data/nginx/html/Lib/Action/BaseAction.class.php 第 8 行.
NOTIC: [8] Undefined index: AdminAuthInfo /data/nginx/html/Lib/Action/AdminBaseAction.class.php 第 10 行.

[ 2015-01-28T23:35:02+08:00 ] 180.153.201.214 /Admin/Admin/del/id/46
INFO: [ route_check ] --START--
INFO: CheckRoute Behavior ::run [ RunTime:0.000394s ]
INFO: [ route_check ] --END-- [ RunTime:0.000454s ]
INFO: [ app_begin ] --START--
INFO: ReadHtmlCache Behavior ::run [ RunTime:0.000258s ]
INFO: [ app_begin ] --END-- [ RunTime:0.000319s ]
NOTIC: [2] Cannot modify header information - headers already sent by (output started at /data/nginx/html/Lib/Action/AdminBaseAction.class.php:45) /data/nginx/html/Lib/Action/BaseAction.class.php 第 8 行.
NOTIC: [8] Undefined index: AdminAuthInfo /data/nginx/html/Lib/Action/AdminBaseAction.class.php 第 10 行.

[ 2015-01-28T23:35:26+08:00 ] 123.125.71.46 /
INFO: [ app_begin ] --START--
INFO: ReadHtmlCache Behavior ::run [ RunTime:0.000255s ]
INFO: [ app_begin ] --END-- [ RunTime:0.000315s ]
NOTIC: [8] Undefined index: ca /data/nginx/html/Lib/Action/Home/IndexAction.class.php 第 13 行.
SQL: SHOW COLUMNS FROM `nb_news` [ RunTime:0.000691s ]
SQL: SHOW COLUMNS FROM `nb_class` [ RunTime:0.000391s ]
NOTIC: [8] Undefined variable: map /data/nginx/html/Lib/Action/Home/IndexAction.class.php 第 143 行.
SQL: SELECT COUNT(*) AS tp_count FROM `nb_news` LIMIT 1   [ RunTime:0.000058s ]
NOTIC: [2] Division by zero /data/nginx/html/Lib/ORG/Page.class.php 第 51 行.
NOTIC: [2] Division by zero /data/nginx/html/Lib/ORG/Page.class.php 第 75 行.
NOTIC: [8] Undefined index: header /data/nginx/html/Lib/ORG/Page.class.php 第 133 行.
NOTIC: [8] Undefined variable: map /data/nginx/html/Lib/Action/Home/IndexAction.class.php 第 148 行.
SQL: SELECT `id`,`title`,`classid`,`hit`,`create_time`,`user`,`intro`,`fileType`,`pic`,`comms` FROM `nb_news` ORDER BY id desc LIMIT 0,18   [ RunTime:0.000129s ]
ERR: 1054:Unknown column 'fileType' in 'field list'
 [ SQL语句 ] : SELECT `id`,`title`,`classid`,`hit`,`create_time`,`user`,`intro`,`fileType`,`pic`,`comms` FROM `nb_news` ORDER BY id desc LIMIT 0,18  
NOTIC: [8] Undefined variable: map /data/nginx/html/Lib/Action/Home/IndexAction.class.php 第 149 行.
SQL: SELECT `title` FROM `nb_class` LIMIT 1   [ RunTime:0.000055s ]
SQL: SELECT * FROM `nb_class`  [ RunTime:0.000056s ]
INFO: [ view_parse ] --START--
SQL: SHOW COLUMNS FROM `nb_options` [ RunTime:0.000540s ]
SQL: SELECT `sitekeyword` FROM `nb_options` LIMIT 1   [ RunTime:0.000120s ]
SQL: SELECT `sitedescription` FROM `nb_options` LIMIT 1   [ RunTime:0.000110s ]
SQL: SELECT `sitename` FROM `nb_options` LIMIT 1   [ RunTime:0.000105s ]
INFO: ParseTemplate Behavior ::run [ RunTime:0.013149s ]
INFO: [ view_parse ] --END-- [ RunTime:0.013189s ]
INFO: [ view_filter ] --START--
INFO: ContentReplace Behavior ::run [ RunTime:0.000229s ]
INFO: TokenBuild Behavior ::run [ RunTime:0.000197s ]
INFO: WriteHtmlCache Behavior ::run [ RunTime:0.000101s ]
INFO: ShowRuntime Behavior ::run [ RunTime:0.000209s ]
INFO: [ view_filter ] --END-- [ RunTime:0.000848s ]
INFO: [ view_end ] --START--
INFO: ShowPageTrace Behavior ::run [ RunTime:0.000295s ]
INFO: [ view_end ] --END-- [ RunTime:0.000355s ]

[ 2015-01-28T23:35:39+08:00 ] 112.65.193.14 /Admin/Options/developSet.html
INFO: [ route_check ] --START--
INFO: CheckRoute Behavior ::run [ RunTime:0.000411s ]
INFO: [ route_check ] --END-- [ RunTime:0.000471s ]
INFO: [ app_begin ] --START--
INFO: ReadHtmlCache Behavior ::run [ RunTime:0.000239s ]
INFO: [ app_begin ] --END-- [ RunTime:0.000278s ]
NOTIC: [2] Cannot modify header information - headers already sent by (output started at /data/nginx/html/Lib/Action/AdminBaseAction.class.php:45) /data/nginx/html/Lib/Action/BaseAction.class.php 第 8 行.
NOTIC: [8] Undefined index: AdminAuthInfo /data/nginx/html/Lib/Action/AdminBaseAction.class.php 第 10 行.

[ 2015-01-28T23:36:59+08:00 ] 220.181.108.82 /
INFO: [ app_begin ] --START--
INFO: ReadHtmlCache Behavior ::run [ RunTime:0.000358s ]
INFO: [ app_begin ] --END-- [ RunTime:0.000450s ]
NOTIC: [8] Undefined index: ca /data/nginx/html/Lib/Action/Home/IndexAction.class.php 第 13 行.
SQL: SHOW COLUMNS FROM `nb_news` [ RunTime:0.000682s ]
SQL: SHOW COLUMNS FROM `nb_class` [ RunTime:0.000394s ]
NOTIC: [8] Undefined variable: map /data/nginx/html/Lib/Action/Home/IndexAction.class.php 第 143 行.
SQL: SELECT COUNT(*) AS tp_count FROM `nb_news` LIMIT 1   [ RunTime:0.000058s ]
NOTIC: [2] Division by zero /data/nginx/html/Lib/ORG/Page.class.php 第 51 行.
NOTIC: [2] Division by zero /data/nginx/html/Lib/ORG/Page.class.php 第 75 行.
NOTIC: [8] Undefined index: header /data/nginx/html/Lib/ORG/Page.class.php 第 133 行.
NOTIC: [8] Undefined variable: map /data/nginx/html/Lib/Action/Home/IndexAction.class.php 第 148 行.
SQL: SELECT `id`,`title`,`classid`,`hit`,`create_time`,`user`,`intro`,`fileType`,`pic`,`comms` FROM `nb_news` ORDER BY id desc LIMIT 0,18   [ RunTime:0.000130s ]
ERR: 1054:Unknown column 'fileType' in 'field list'
 [ SQL语句 ] : SELECT `id`,`title`,`classid`,`hit`,`create_time`,`user`,`intro`,`fileType`,`pic`,`comms` FROM `nb_news` ORDER BY id desc LIMIT 0,18  
NOTIC: [8] Undefined variable: map /data/nginx/html/Lib/Action/Home/IndexAction.class.php 第 149 行.
SQL: SELECT `title` FROM `nb_class` LIMIT 1   [ RunTime:0.000069s ]
SQL: SELECT * FROM `nb_class`  [ RunTime:0.000082s ]
INFO: [ view_parse ] --START--
SQL: SHOW COLUMNS FROM `nb_options` [ RunTime:0.000661s ]
SQL: SELECT `sitekeyword` FROM `nb_options` LIMIT 1   [ RunTime:0.000055s ]
SQL: SELECT `sitedescription` FROM `nb_options` LIMIT 1   [ RunTime:0.000051s ]
SQL: SELECT `sitename` FROM `nb_options` LIMIT 1   [ RunTime:0.000050s ]
INFO: ParseTemplate Behavior ::run [ RunTime:0.014320s ]
INFO: [ view_parse ] --END-- [ RunTime:0.014366s ]
INFO: [ view_filter ] --START--
INFO: ContentReplace Behavior ::run [ RunTime:0.000279s ]
INFO: TokenBuild Behavior ::run [ RunTime:0.000176s ]
INFO: WriteHtmlCache Behavior ::run [ RunTime:0.000098s ]
INFO: ShowRuntime Behavior ::run [ RunTime:0.000289s ]
INFO: [ view_filter ] --END-- [ RunTime:0.001019s ]
INFO: [ view_end ] --START--
INFO: ShowPageTrace Behavior ::run [ RunTime:0.000507s ]
INFO: [ view_end ] --END-- [ RunTime:0.000577s ]

[ 2015-01-28T23:38:33+08:00 ] 180.153.206.33 /Admin/Index/login.html
INFO: [ route_check ] --START--
INFO: CheckRoute Behavior ::run [ RunTime:0.000434s ]
INFO: [ route_check ] --END-- [ RunTime:0.000494s ]
INFO: [ app_begin ] --START--
INFO: ReadHtmlCache Behavior ::run [ RunTime:0.000276s ]
INFO: [ app_begin ] --END-- [ RunTime:0.000315s ]
INFO: [ view_parse ] --START--
INFO: ParseTemplate Behavior ::run [ RunTime:0.003658s ]
INFO: [ view_parse ] --END-- [ RunTime:0.003702s ]
INFO: [ view_filter ] --START--
INFO: ContentReplace Behavior ::run [ RunTime:0.000148s ]
INFO: TokenBuild Behavior ::run [ RunTime:0.000165s ]
INFO: WriteHtmlCache Behavior ::run [ RunTime:0.000106s ]
INFO: ShowRuntime Behavior ::run [ RunTime:0.000222s ]
INFO: [ view_filter ] --END-- [ RunTime:0.000753s ]
INFO: [ view_end ] --START--
INFO: ShowPageTrace Behavior ::run [ RunTime:0.000284s ]
INFO: [ view_end ] --END-- [ RunTime:0.000321s ]

[ 2015-01-28T23:41:36+08:00 ] 180.153.201.214 /Admin/Index/login.html
INFO: [ route_check ] --START--
INFO: CheckRoute Behavior ::run [ RunTime:0.000425s ]
INFO: [ route_check ] --END-- [ RunTime:0.000486s ]
INFO: [ app_begin ] --START--
INFO: ReadHtmlCache Behavior ::run [ RunTime:0.000247s ]
INFO: [ app_begin ] --END-- [ RunTime:0.000287s ]
INFO: [ view_parse ] --START--
INFO: ParseTemplate Behavior ::run [ RunTime:0.003540s ]
INFO: [ view_parse ] --END-- [ RunTime:0.003590s ]
INFO: [ view_filter ] --START--
INFO: ContentReplace Behavior ::run [ RunTime:0.000150s ]
INFO: TokenBuild Behavior ::run [ RunTime:0.000166s ]
INFO: WriteHtmlCache Behavior ::run [ RunTime:0.000097s ]
INFO: ShowRuntime Behavior ::run [ RunTime:0.000203s ]
INFO: [ view_filter ] --END-- [ RunTime:0.000751s ]
INFO: [ view_end ] --START--
INFO: ShowPageTrace Behavior ::run [ RunTime:0.000314s ]
INFO: [ view_end ] --END-- [ RunTime:0.000352s ]

[ 2015-01-28T23:44:29+08:00 ] 180.153.206.24 /Admin/Index/index.html
INFO: [ route_check ] --START--
INFO: CheckRoute Behavior ::run [ RunTime:0.000428s ]
INFO: [ route_check ] --END-- [ RunTime:0.000498s ]
INFO: [ app_begin ] --START--
INFO: ReadHtmlCache Behavior ::run [ RunTime:0.000248s ]
INFO: [ app_begin ] --END-- [ RunTime:0.000287s ]
NOTIC: [8] Undefined index: AdminAuthInfo /data/nginx/html/Lib/Action/Admin/IndexAction.class.php 第 7 行.

[ 2015-01-28T23:44:29+08:00 ] 180.153.206.24 /Admin/Index/login.html
INFO: [ route_check ] --START--
INFO: CheckRoute Behavior ::run [ RunTime:0.000410s ]
INFO: [ route_check ] --END-- [ RunTime:0.000461s ]
INFO: [ app_begin ] --START--
INFO: ReadHtmlCache Behavior ::run [ RunTime:0.000241s ]
INFO: [ app_begin ] --END-- [ RunTime:0.000282s ]
INFO: [ view_parse ] --START--
INFO: ParseTemplate Behavior ::run [ RunTime:0.003491s ]
INFO: [ view_parse ] --END-- [ RunTime:0.003540s ]
INFO: [ view_filter ] --START--
INFO: ContentReplace Behavior ::run [ RunTime:0.000169s ]
INFO: TokenBuild Behavior ::run [ RunTime:0.000167s ]
INFO: WriteHtmlCache Behavior ::run [ RunTime:0.000110s ]
INFO: ShowRuntime Behavior ::run [ RunTime:0.000227s ]
INFO: [ view_filter ] --END-- [ RunTime:0.000799s ]
INFO: [ view_end ] --START--
INFO: ShowPageTrace Behavior ::run [ RunTime:0.000306s ]
INFO: [ view_end ] --END-- [ RunTime:0.000344s ]

[ 2015-01-28T23:50:42+08:00 ] 112.65.193.14 /Admin/Options/developSet.html
INFO: [ route_check ] --START--
INFO: CheckRoute Behavior ::run [ RunTime:0.000420s ]
INFO: [ route_check ] --END-- [ RunTime:0.000481s ]
INFO: [ app_begin ] --START--
INFO: ReadHtmlCache Behavior ::run [ RunTime:0.000242s ]
INFO: [ app_begin ] --END-- [ RunTime:0.000282s ]
NOTIC: [2] Cannot modify header information - headers already sent by (output started at /data/nginx/html/Lib/Action/AdminBaseAction.class.php:45) /data/nginx/html/Lib/Action/BaseAction.class.php 第 8 行.
NOTIC: [8] Undefined index: AdminAuthInfo /data/nginx/html/Lib/Action/AdminBaseAction.class.php 第 10 行.

[ 2015-01-28T23:51:08+08:00 ] 180.153.163.190 /Admin/girl/edit/id/282.html
INFO: [ route_check ] --START--
INFO: CheckRoute Behavior ::run [ RunTime:0.000396s ]
INFO: [ route_check ] --END-- [ RunTime:0.000456s ]
INFO: [ app_begin ] --START--
INFO: ReadHtmlCache Behavior ::run [ RunTime:0.000279s ]
INFO: [ app_begin ] --END-- [ RunTime:0.000319s ]
NOTIC: [2] Cannot modify header information - headers already sent by (output started at /data/nginx/html/Lib/Action/AdminBaseAction.class.php:45) /data/nginx/html/Lib/Action/BaseAction.class.php 第 8 行.
NOTIC: [8] Undefined index: AdminAuthInfo /data/nginx/html/Lib/Action/AdminBaseAction.class.php 第 10 行.

[ 2015-01-28T23:52:28+08:00 ] 180.153.163.190 /Admin/Index/login.html
INFO: [ route_check ] --START--
INFO: CheckRoute Behavior ::run [ RunTime:0.000442s ]
INFO: [ route_check ] --END-- [ RunTime:0.000501s ]
INFO: [ app_begin ] --START--
INFO: ReadHtmlCache Behavior ::run [ RunTime:0.000241s ]
INFO: [ app_begin ] --END-- [ RunTime:0.000281s ]
INFO: [ view_parse ] --START--
INFO: ParseTemplate Behavior ::run [ RunTime:0.003518s ]
INFO: [ view_parse ] --END-- [ RunTime:0.003562s ]
INFO: [ view_filter ] --START--
INFO: ContentReplace Behavior ::run [ RunTime:0.000168s ]
INFO: TokenBuild Behavior ::run [ RunTime:0.000165s ]
INFO: WriteHtmlCache Behavior ::run [ RunTime:0.000097s ]
INFO: ShowRuntime Behavior ::run [ RunTime:0.000201s ]
INFO: [ view_filter ] --END-- [ RunTime:0.000743s ]
INFO: [ view_end ] --START--
INFO: ShowPageTrace Behavior ::run [ RunTime:0.000282s ]
INFO: [ view_end ] --END-- [ RunTime:0.000318s ]

[ 2015-01-28T23:57:19+08:00 ] 220.181.108.139 /js/tip.js
INFO: [ route_check ] --START--
INFO: CheckRoute Behavior ::run [ RunTime:0.000399s ]
INFO: [ route_check ] --END-- [ RunTime:0.000480s ]
INFO: [ app_begin ] --START--
INFO: ReadHtmlCache Behavior ::run [ RunTime:0.000244s ]
INFO: [ app_begin ] --END-- [ RunTime:0.000285s ]
ERR: 无法加载模块:js

